CRF++: Yet Another CRF Tool Kit
Copyright (C) 2005-2013 Taku Kudo, All rights reserved.

reading training data: 100.. 200.. 300.. 400.. 500.. 600.. 700.. 800.. 900.. 1000.. 1100.. 1200.. 1300.. 1400.. 1500.. 1600.. 1700.. 1800.. 1900.. 2000.. 2100.. 2200.. 2300.. 2400.. 2500.. 2600.. 2700.. 2800.. 2900.. 3000.. 3100.. 3200.. 3300.. 3400.. 3500.. 3600.. 3700.. 3800.. 3900.. 4000.. 4100.. 4200.. 4300.. 4400.. 4500.. 4600.. 4700.. 4800.. 4900.. 5000.. 5100.. 5200.. 5300.. 5400.. 5500.. 5600.. 5700.. 5800.. 5900.. 6000.. 6100.. 6200.. 6300.. 6400.. 6500.. 6600.. 6700.. 6800.. 6900.. 7000.. 7100.. 7200.. 7300.. 7400.. 7500.. 7600.. 7700.. 7800.. 7900.. 8000.. 8100.. 8200.. 8300.. 8400.. 8500.. 8600.. 8700.. 8800.. 8900.. 9000.. 9100.. 9200.. 9300.. 9400.. 9500.. 9600.. 9700.. 9800.. 9900.. 10000.. 10100.. 10200.. 10300.. 10400.. 10500.. 10600.. 10700.. 10800.. 10900.. 11000.. 11100.. 11200.. 11300.. 11400.. 11500.. 11600.. 11700.. 11800.. 11900.. 12000.. 12100.. 12200.. 12300.. 12400.. 12500.. 12600.. 12700.. 12800.. 12900.. 13000.. 13100.. 13200.. 13300.. 13400.. 13500.. 13600.. 13700.. 13800.. 13900.. 14000.. 14100.. 14200.. 14300.. 14400.. 14500.. 14600.. 14700.. 14800.. 14900.. 15000.. 15100.. 15200.. 15300.. 15400.. 15500.. 15600.. 15700.. 15800.. 15900.. 16000.. 16100.. 16200.. 16300.. 16400.. 16500.. 16600.. 16700.. 16800.. 16900.. 17000.. 17100.. 17200.. 17300.. 17400.. 17500.. 
Done!16.42 s

Number of sentences: 17535
Number of features:  9186816
Number of thread(s): 1
Freq:                1
eta:                 0.00010
C:                   1.00000
shrinking size:      20
iter=0 terr=0.99909 serr=1.00000 act=9186816 obj=2088077.46240 diff=1.00000
iter=1 terr=0.06213 serr=0.69712 act=9186816 obj=1014161.27750 diff=0.51431
iter=2 terr=0.06213 serr=0.69712 act=9186816 obj=753270.80046 diff=0.25725
iter=3 terr=0.06213 serr=0.69712 act=9186816 obj=648299.23309 diff=0.13935
iter=4 terr=0.06130 serr=0.66997 act=9186816 obj=240649.89023 diff=0.62880
iter=5 terr=0.50362 serr=0.98569 act=9186816 obj=20768684.28664 diff=85.30249
iter=6 terr=0.05430 serr=0.63410 act=9186816 obj=172294.58081 diff=0.99170
iter=7 terr=0.02931 serr=0.47100 act=9186816 obj=163668.35033 diff=0.05007
iter=8 terr=0.04264 serr=0.58158 act=9186816 obj=149012.90847 diff=0.08954
iter=9 terr=0.03609 serr=0.56778 act=9186816 obj=132119.71357 diff=0.11337
iter=10 terr=0.02925 serr=0.49147 act=9186816 obj=90866.78175 diff=0.31224
iter=11 terr=0.02538 serr=0.37628 act=9186816 obj=63686.44356 diff=0.29912
iter=12 terr=0.02384 serr=0.32700 act=9186816 obj=52568.14293 diff=0.17458
iter=13 terr=0.02172 serr=0.30299 act=9186816 obj=43636.87509 diff=0.16990
iter=14 terr=0.01839 serr=0.26621 act=9186816 obj=35591.72483 diff=0.18437
iter=15 terr=0.01757 serr=0.24711 act=9186816 obj=30260.00738 diff=0.14980
iter=16 terr=0.01611 serr=0.23405 act=9186816 obj=25871.89523 diff=0.14501
iter=17 terr=0.01618 serr=0.24095 act=9186816 obj=24561.09124 diff=0.05067
iter=18 terr=0.01557 serr=0.22800 act=9186816 obj=24106.75590 diff=0.01850
iter=19 terr=0.01667 serr=0.23656 act=9186816 obj=24913.42546 diff=0.03346
iter=20 terr=0.01512 serr=0.22264 act=9186816 obj=23259.19065 diff=0.06640
iter=21 terr=0.01408 serr=0.21106 act=9186816 obj=21989.15857 diff=0.05460
iter=22 terr=0.01397 serr=0.21021 act=9186816 obj=20849.43567 diff=0.05183
iter=23 terr=0.01315 serr=0.20000 act=9186816 obj=19496.00304 diff=0.06491
iter=24 terr=0.01155 serr=0.18186 act=9186816 obj=17115.32224 diff=0.12211
iter=25 terr=0.01165 serr=0.17884 act=9186816 obj=16324.82667 diff=0.04619
iter=26 terr=0.01080 serr=0.16881 act=9186816 obj=15548.49281 diff=0.04756
iter=27 terr=0.01043 serr=0.16641 act=9186816 obj=15290.29776 diff=0.01661
iter=28 terr=0.01017 serr=0.16362 act=9186816 obj=14860.45787 diff=0.02811
iter=29 terr=0.00978 serr=0.15922 act=9186816 obj=14277.60241 diff=0.03922
iter=30 terr=0.00942 serr=0.15398 act=9186816 obj=13549.30561 diff=0.05101
iter=31 terr=0.00889 serr=0.14719 act=9186816 obj=12480.14152 diff=0.07891
iter=32 terr=0.00897 serr=0.14554 act=9186816 obj=11972.69479 diff=0.04066
iter=33 terr=0.00824 serr=0.13944 act=9186816 obj=11471.06550 diff=0.04190
iter=34 terr=0.00789 serr=0.13379 act=9186816 obj=11191.16545 diff=0.02440
iter=35 terr=0.00775 serr=0.13322 act=9186816 obj=11048.21555 diff=0.01277
iter=36 terr=0.00726 serr=0.12535 act=9186816 obj=10506.89611 diff=0.04900
iter=37 terr=0.00797 serr=0.13350 act=9186816 obj=10457.38817 diff=0.00471
iter=38 terr=0.00719 serr=0.12330 act=9186816 obj=10077.27101 diff=0.03635
iter=39 terr=0.00675 serr=0.11674 act=9186816 obj=9592.18831 diff=0.04814
iter=40 terr=0.00648 serr=0.11286 act=9186816 obj=9343.67799 diff=0.02591
iter=41 terr=0.00669 serr=0.11634 act=9186816 obj=9028.36480 diff=0.03375
iter=42 terr=0.00582 serr=0.10470 act=9186816 obj=8405.64498 diff=0.06897
iter=43 terr=0.00545 serr=0.09923 act=9186816 obj=8210.72926 diff=0.02319
iter=44 terr=0.00531 serr=0.09746 act=9186816 obj=8080.33186 diff=0.01588
iter=45 terr=0.00505 serr=0.09336 act=9186816 obj=7855.34440 diff=0.02784
iter=46 terr=0.00504 serr=0.09296 act=9186816 obj=7525.93883 diff=0.04193
iter=47 terr=0.00433 serr=0.08132 act=9186816 obj=7070.59661 diff=0.06050
iter=48 terr=0.00420 serr=0.07938 act=9186816 obj=6912.32711 diff=0.02238
iter=49 terr=0.00478 serr=0.08720 act=9186816 obj=6893.97672 diff=0.00265
iter=50 terr=0.00407 serr=0.07670 act=9186816 obj=6490.80273 diff=0.05848
iter=51 terr=0.00391 serr=0.07419 act=9186816 obj=6418.68777 diff=0.01111
iter=52 terr=0.00366 serr=0.07089 act=9186816 obj=6266.38904 diff=0.02373
iter=53 terr=0.00347 serr=0.06707 act=9186816 obj=6102.08395 diff=0.02622
iter=54 terr=0.00333 serr=0.06496 act=9186816 obj=5930.90010 diff=0.02805
iter=55 terr=0.00294 serr=0.05760 act=9186816 obj=5687.89299 diff=0.04097
iter=56 terr=0.00294 serr=0.05800 act=9186816 obj=5616.28587 diff=0.01259
iter=57 terr=0.00287 serr=0.05743 act=9186816 obj=5533.85651 diff=0.01468
iter=58 terr=0.00269 serr=0.05418 act=9186816 obj=5343.60501 diff=0.03438
iter=59 terr=0.00243 serr=0.05041 act=9186816 obj=5200.57427 diff=0.02677
iter=60 terr=0.00225 serr=0.04597 act=9186816 obj=5033.33113 diff=0.03216
iter=61 terr=0.00214 serr=0.04391 act=9186816 obj=4932.93752 diff=0.01995
iter=62 terr=0.00204 serr=0.04197 act=9186816 obj=4845.63731 diff=0.01770
iter=63 terr=0.00211 serr=0.04386 act=9186816 obj=4793.69503 diff=0.01072
iter=64 terr=0.00192 serr=0.04015 act=9186816 obj=4707.52936 diff=0.01797
iter=65 terr=0.00168 serr=0.03593 act=9186816 obj=4602.35189 diff=0.02234
iter=66 terr=0.00161 serr=0.03422 act=9186816 obj=4540.87385 diff=0.01336
iter=67 terr=0.00144 serr=0.03125 act=9186816 obj=4442.27746 diff=0.02171
iter=68 terr=0.00147 serr=0.03159 act=9186816 obj=4386.23376 diff=0.01262
iter=69 terr=0.00130 serr=0.02874 act=9186816 obj=4288.54734 diff=0.02227
iter=70 terr=0.00122 serr=0.02709 act=9186816 obj=4239.37719 diff=0.01147
iter=71 terr=0.00120 serr=0.02640 act=9186816 obj=4195.33009 diff=0.01039
iter=72 terr=0.00105 serr=0.02355 act=9186816 obj=4134.56405 diff=0.01448
iter=73 terr=0.00098 serr=0.02270 act=9186816 obj=4089.72010 diff=0.01085
iter=74 terr=0.00089 serr=0.02070 act=9186816 obj=4024.47766 diff=0.01595
iter=75 terr=0.00081 serr=0.01899 act=9186816 obj=3968.44484 diff=0.01392
iter=76 terr=0.00070 serr=0.01665 act=9186816 obj=3912.50912 diff=0.01410
iter=77 terr=0.00065 serr=0.01591 act=9186816 obj=3872.29979 diff=0.01028
iter=78 terr=0.00086 serr=0.01871 act=9186816 obj=3915.26175 diff=0.01109
iter=79 terr=0.00065 serr=0.01568 act=9186816 obj=3854.45459 diff=0.01553
iter=80 terr=0.00064 serr=0.01540 act=9186816 obj=3826.87248 diff=0.00716
iter=81 terr=0.00061 serr=0.01460 act=9186816 obj=3804.96157 diff=0.00573
iter=82 terr=0.00060 serr=0.01414 act=9186816 obj=3769.49097 diff=0.00932
iter=83 terr=0.00055 serr=0.01312 act=9186816 obj=3726.25361 diff=0.01147
iter=84 terr=0.00054 serr=0.01180 act=9186816 obj=3761.08468 diff=0.00935
iter=85 terr=0.00049 serr=0.01158 act=9186816 obj=3703.87752 diff=0.01521
iter=86 terr=0.00047 serr=0.01101 act=9186816 obj=3666.53646 diff=0.01008
iter=87 terr=0.00041 serr=0.00998 act=9186816 obj=3634.84603 diff=0.00864
iter=88 terr=0.00056 serr=0.01277 act=9186816 obj=3717.83203 diff=0.02283
iter=89 terr=0.00039 serr=0.00992 act=9186816 obj=3623.07077 diff=0.02549
iter=90 terr=0.00035 serr=0.00924 act=9186816 obj=3608.78915 diff=0.00394
iter=91 terr=0.00034 serr=0.00855 act=9186816 obj=3576.53385 diff=0.00894
iter=92 terr=0.00031 serr=0.00758 act=9186816 obj=3526.92081 diff=0.01387
iter=93 terr=0.00028 serr=0.00684 act=9186816 obj=3469.00500 diff=0.01642
iter=94 terr=0.00023 serr=0.00599 act=9186816 obj=3450.83084 diff=0.00524
iter=95 terr=0.00022 serr=0.00570 act=9186816 obj=3402.59257 diff=0.01398
iter=96 terr=0.00024 serr=0.00599 act=9186816 obj=3394.81402 diff=0.00229
iter=97 terr=0.00023 serr=0.00599 act=9186816 obj=3383.37648 diff=0.00337
iter=98 terr=0.00021 serr=0.00570 act=9186816 obj=3375.57850 diff=0.00230
iter=99 terr=0.00021 serr=0.00536 act=9186816 obj=3364.37110 diff=0.00332
iter=100 terr=0.00024 serr=0.00502 act=9186816 obj=3324.11674 diff=0.01196
iter=101 terr=0.00023 serr=0.00485 act=9186816 obj=3302.72912 diff=0.00643
iter=102 terr=0.00019 serr=0.00451 act=9186816 obj=3273.87445 diff=0.00874
iter=103 terr=0.00017 serr=0.00405 act=9186816 obj=3259.42486 diff=0.00441
iter=104 terr=0.00015 serr=0.00382 act=9186816 obj=3244.17033 diff=0.00468
iter=105 terr=0.00017 serr=0.00376 act=9186816 obj=3229.06116 diff=0.00466
iter=106 terr=0.00014 serr=0.00314 act=9186816 obj=3205.46191 diff=0.00731
iter=107 terr=0.00013 serr=0.00291 act=9186816 obj=3176.49012 diff=0.00904
iter=108 terr=0.00012 serr=0.00268 act=9186816 obj=3147.13635 diff=0.00924
iter=109 terr=0.00012 serr=0.00274 act=9186816 obj=3133.38973 diff=0.00437
iter=110 terr=0.00011 serr=0.00228 act=9186816 obj=3112.23239 diff=0.00675
iter=111 terr=0.00011 serr=0.00217 act=9186816 obj=3103.62301 diff=0.00277
iter=112 terr=0.00011 serr=0.00234 act=9186816 obj=3087.03738 diff=0.00534
iter=113 terr=0.00011 serr=0.00240 act=9186816 obj=3078.73098 diff=0.00269
iter=114 terr=0.00009 serr=0.00211 act=9186816 obj=3065.96714 diff=0.00415
iter=115 terr=0.00009 serr=0.00200 act=9186816 obj=3044.12840 diff=0.00712
iter=116 terr=0.00008 serr=0.00182 act=9186816 obj=3052.70896 diff=0.00282
iter=117 terr=0.00008 serr=0.00188 act=9186816 obj=3038.60599 diff=0.00462
iter=118 terr=0.00007 serr=0.00177 act=9186816 obj=3032.23098 diff=0.00210
iter=119 terr=0.00008 serr=0.00194 act=9186816 obj=3015.82091 diff=0.00541
iter=120 terr=0.00008 serr=0.00182 act=9186816 obj=3009.19388 diff=0.00220
iter=121 terr=0.00007 serr=0.00171 act=9186816 obj=2999.14865 diff=0.00334
iter=122 terr=0.00006 serr=0.00160 act=9186816 obj=2990.78040 diff=0.00279
iter=123 terr=0.00007 serr=0.00165 act=9186816 obj=2983.89494 diff=0.00230
iter=124 terr=0.00007 serr=0.00171 act=9186816 obj=2976.54606 diff=0.00246
iter=125 terr=0.00007 serr=0.00171 act=9186816 obj=2973.00225 diff=0.00119
iter=126 terr=0.00008 serr=0.00160 act=9186816 obj=2964.55646 diff=0.00284
iter=127 terr=0.00007 serr=0.00160 act=9186816 obj=2955.38563 diff=0.00309
iter=128 terr=0.00008 serr=0.00154 act=9186816 obj=2943.77385 diff=0.00393
iter=129 terr=0.00007 serr=0.00160 act=9186816 obj=2935.94930 diff=0.00266
iter=130 terr=0.00007 serr=0.00160 act=9186816 obj=2929.49324 diff=0.00220
iter=131 terr=0.00008 serr=0.00160 act=9186816 obj=2927.25887 diff=0.00076
iter=132 terr=0.00007 serr=0.00165 act=9186816 obj=2925.37569 diff=0.00064
iter=133 terr=0.00007 serr=0.00160 act=9186816 obj=2920.68807 diff=0.00160
iter=134 terr=0.00007 serr=0.00160 act=9186816 obj=2914.90934 diff=0.00198
iter=135 terr=0.00007 serr=0.00148 act=9186816 obj=2907.68785 diff=0.00248
iter=136 terr=0.00007 serr=0.00154 act=9186816 obj=2909.21870 diff=0.00053
iter=137 terr=0.00006 serr=0.00148 act=9186816 obj=2904.11823 diff=0.00175
iter=138 terr=0.00007 serr=0.00148 act=9186816 obj=2899.62922 diff=0.00155
iter=139 terr=0.00007 serr=0.00143 act=9186816 obj=2898.23222 diff=0.00048
iter=140 terr=0.00007 serr=0.00143 act=9186816 obj=2896.07309 diff=0.00074
iter=141 terr=0.00008 serr=0.00165 act=9186816 obj=2888.74161 diff=0.00253
iter=142 terr=0.00008 serr=0.00194 act=9186816 obj=2880.03125 diff=0.00302
iter=143 terr=0.00008 serr=0.00194 act=9186816 obj=2871.56913 diff=0.00294
iter=144 terr=0.00009 serr=0.00228 act=9186816 obj=2876.64377 diff=0.00177
iter=145 terr=0.00008 serr=0.00211 act=9186816 obj=2868.85241 diff=0.00271
iter=146 terr=0.00008 serr=0.00200 act=9186816 obj=2864.68472 diff=0.00145
iter=147 terr=0.00007 serr=0.00200 act=9186816 obj=2860.98053 diff=0.00129
iter=148 terr=0.00007 serr=0.00205 act=9186816 obj=2857.64903 diff=0.00116
iter=149 terr=0.00007 serr=0.00171 act=9186816 obj=2860.83170 diff=0.00111
iter=150 terr=0.00007 serr=0.00200 act=9186816 obj=2856.13423 diff=0.00164
iter=151 terr=0.00007 serr=0.00200 act=9186816 obj=2854.18183 diff=0.00068
iter=152 terr=0.00007 serr=0.00188 act=9186816 obj=2852.33680 diff=0.00065
iter=153 terr=0.00007 serr=0.00177 act=9186816 obj=2850.86405 diff=0.00052
iter=154 terr=0.00007 serr=0.00171 act=9186816 obj=2849.60592 diff=0.00044
iter=155 terr=0.00007 serr=0.00177 act=9186816 obj=2848.52657 diff=0.00038
iter=156 terr=0.00007 serr=0.00188 act=9186816 obj=2847.45439 diff=0.00038
iter=157 terr=0.00007 serr=0.00200 act=9186816 obj=2846.65300 diff=0.00028
iter=158 terr=0.00007 serr=0.00194 act=9186816 obj=2844.10061 diff=0.00090
iter=159 terr=0.00007 serr=0.00205 act=9186816 obj=2850.76882 diff=0.00234
iter=160 terr=0.00007 serr=0.00194 act=9186816 obj=2842.93299 diff=0.00275
iter=161 terr=0.00007 serr=0.00188 act=9186816 obj=2841.50135 diff=0.00050
iter=162 terr=0.00007 serr=0.00182 act=9186816 obj=2840.69764 diff=0.00028
iter=163 terr=0.00007 serr=0.00171 act=9186816 obj=2840.32553 diff=0.00013
iter=164 terr=0.00007 serr=0.00171 act=9186816 obj=2839.52018 diff=0.00028
iter=165 terr=0.00007 serr=0.00182 act=9186816 obj=2838.14808 diff=0.00048
iter=166 terr=0.00006 serr=0.00177 act=9186816 obj=2835.49007 diff=0.00094
iter=167 terr=0.00007 serr=0.00177 act=9186816 obj=2836.79489 diff=0.00046
iter=168 terr=0.00007 serr=0.00182 act=9186816 obj=2834.29021 diff=0.00088
iter=169 terr=0.00007 serr=0.00188 act=9186816 obj=2832.60365 diff=0.00060
iter=170 terr=0.00007 serr=0.00188 act=9186816 obj=2832.01748 diff=0.00021
iter=171 terr=0.00007 serr=0.00182 act=9186816 obj=2831.39356 diff=0.00022
iter=172 terr=0.00007 serr=0.00188 act=9186816 obj=2831.16393 diff=0.00008
iter=173 terr=0.00007 serr=0.00188 act=9186816 obj=2830.62573 diff=0.00019
iter=174 terr=0.00006 serr=0.00171 act=9186816 obj=2829.15891 diff=0.00052
iter=175 terr=0.00006 serr=0.00171 act=9186816 obj=2829.21503 diff=0.00002
iter=176 terr=0.00006 serr=0.00171 act=9186816 obj=2828.52861 diff=0.00024
iter=177 terr=0.00006 serr=0.00160 act=9186816 obj=2827.68312 diff=0.00030
iter=178 terr=0.00006 serr=0.00165 act=9186816 obj=2827.16498 diff=0.00018
iter=179 terr=0.00006 serr=0.00171 act=9186816 obj=2827.05184 diff=0.00004
iter=180 terr=0.00006 serr=0.00171 act=9186816 obj=2826.80300 diff=0.00009
iter=181 terr=0.00006 serr=0.00171 act=9186816 obj=2826.68172 diff=0.00004

Done!1980.45 s

